<?xml version="1.0" encoding="UTF-8"?>
<testng-results ignored="0" total="1" passed="1" failed="0" skipped="0">
  <reporter-output>
  </reporter-output>
  <suite started-at="2023-09-10T02:37:56 EDT" name="Default suite" finished-at="2023-09-10T02:37:58 EDT" duration-ms="1892">
    <groups>
    </groups>
    <test started-at="2023-09-10T02:37:56 EDT" name="Default test" finished-at="2023-09-10T02:37:58 EDT" duration-ms="1892">
      <class name="Example">
        <test-method signature="name()[pri:0, instance:Example@6e4784bc]" started-at="2023-09-10T02:37:56 EDT" name="name" finished-at="2023-09-10T02:37:58 EDT" duration-ms="1879" status="PASS">
          <reporter-output>
          </reporter-output>
        </test-method> <!-- name -->
      </class> <!-- Example -->
    </test> <!-- Default test -->
  </suite> <!-- Default suite -->
</testng-results>
